CRITICAL - 2024-02-22 10:31:00 --> ErrorException: Undefined variable $googleButton
in APPPATH\Views\login.php on line 33.
 1 APPPATH\Views\login.php(33): CodeIgniter\Debug\Exceptions->errorHandler(2, 'Undefined variable $googleButton', 'C:\\wamp64\\www\\facebook_login\\app\\Views\\login.php', 33)
 2 SYSTEMPATH\View\View.php(228): include('C:\\wamp64\\www\\facebook_login\\app\\Views\\login.php')
 3 SYSTEMPATH\View\View.php(231): CodeIgniter\View\View->CodeIgniter\View\{closure}()
 4 SYSTEMPATH\Common.php(1178): CodeIgniter\View\View->render('login', [], true)
 5 APPPATH\Controllers\Home.php(26): view('login', [...])
 6 SYSTEMPATH\CodeIgniter.php(941): App\Controllers\Home->index()
 7 SYSTEMPATH\CodeIgniter.php(502): CodeIgniter\CodeIgniter->runController(Object(App\Controllers\Home))
 8 SYSTEMPATH\CodeIgniter.php(361): CodeIgniter\CodeIgniter->handleRequest(null, Object(Config\Cache), false)
 9 FCPATH\index.php(79): CodeIgniter\CodeIgniter->run()
10 SYSTEMPATH\Commands\Server\rewrite.php(47): require_once('C:\\wamp64\\www\\facebook_login\\public\\index.php')
CRITICAL - 2024-02-22 10:31:15 --> ErrorException: Undefined variable $googleButton
in APPPATH\Views\login.php on line 33.
 1 APPPATH\Views\login.php(33): CodeIgniter\Debug\Exceptions->errorHandler(2, 'Undefined variable $googleButton', 'C:\\wamp64\\www\\facebook_login\\app\\Views\\login.php', 33)
 2 SYSTEMPATH\View\View.php(228): include('C:\\wamp64\\www\\facebook_login\\app\\Views\\login.php')
 3 SYSTEMPATH\View\View.php(231): CodeIgniter\View\View->CodeIgniter\View\{closure}()
 4 SYSTEMPATH\Common.php(1178): CodeIgniter\View\View->render('login', [], true)
 5 APPPATH\Controllers\Home.php(26): view('login', [...])
 6 SYSTEMPATH\CodeIgniter.php(941): App\Controllers\Home->index()
 7 SYSTEMPATH\CodeIgniter.php(502): CodeIgniter\CodeIgniter->runController(Object(App\Controllers\Home))
 8 SYSTEMPATH\CodeIgniter.php(361): CodeIgniter\CodeIgniter->handleRequest(null, Object(Config\Cache), false)
 9 FCPATH\index.php(79): CodeIgniter\CodeIgniter->run()
10 SYSTEMPATH\Commands\Server\rewrite.php(47): require_once('C:\\wamp64\\www\\facebook_login\\public\\index.php')
